<?xml version="1.0" encoding="UTF-8"?>
<!-- Generated by org.testng.reporters.JUnitReportReporter -->
<testsuite hostname="ApurvaNayak-W10" name="com.testcases.TestCase1" tests="1" failures="0" timestamp="26 Sep 2016 18:42:18 GMT" time="6.326" errors="0">
  <testcase name="testCase1" time="6.326" classname="com.testcases.TestCase1"/>
</testsuite> <!-- com.testcases.TestCase1 -->
