<?xml version="1.0" encoding="UTF-8"?>
<!-- Generated by org.testng.reporters.JUnitReportReporter -->
<testsuite hostname="ApurvaNayak-W10" name="com.testcases.AccountCreation" tests="1" failures="0" timestamp="26 Sep 2016 20:13:52 GMT" time="3.968" errors="0">
  <testcase name="shareWishListTest" time="3.968" classname="com.testcases.AccountCreation"/>
</testsuite> <!-- com.testcases.AccountCreation -->
