<?xml version="1.0" encoding="UTF-8"?>
<!-- Generated by org.testng.reporters.JUnitReportReporter -->
<testsuite hostname="ApurvaNayak-W10" name="com.testcases.CompareProducts" tests="1" failures="0" timestamp="26 Sep 2016 19:21:33 GMT" time="7.231" errors="0">
  <testcase name="testTestCase4" time="7.231" classname="com.testcases.CompareProducts"/>
</testsuite> <!-- com.testcases.CompareProducts -->
